Line 90: Class ShockwaveFlashObjectsCtl.ShockwaveFlash of control ShockwaveFlash1 was not a loaded control class.
Line 96: The property name _cx in ShockwaveFlash1 is invalid.
Line 97: The property name _cy in ShockwaveFlash1 is invalid.
Line 98: The property name FlashVars in ShockwaveFlash1 is invalid.
Line 99: The property name Movie in ShockwaveFlash1 is invalid.
Line 100: The property name Src in ShockwaveFlash1 is invalid.
Line 101: The property name WMode in ShockwaveFlash1 is invalid.
Line 102: The property name Play in ShockwaveFlash1 is invalid.
Line 103: The property name Loop in ShockwaveFlash1 is invalid.
Line 104: The property name Quality in ShockwaveFlash1 is invalid.
Line 105: The property name SAlign in ShockwaveFlash1 is invalid.
Line 106: The property name Menu in ShockwaveFlash1 is invalid.
Line 107: The property name Base in ShockwaveFlash1 is invalid.
Line 108: The property name AllowScriptAccess in ShockwaveFlash1 is invalid.
Line 109: The property name Scale in ShockwaveFlash1 is invalid.
Line 110: The property name DeviceFont in ShockwaveFlash1 is invalid.
Line 111: The property name EmbedMovie in ShockwaveFlash1 is invalid.
Line 112: The property name BGColor in ShockwaveFlash1 is invalid.
Line 113: The property name SWRemote in ShockwaveFlash1 is invalid.
Line 114: The property name MovieData in ShockwaveFlash1 is invalid.
Line 115: The property name SeamlessTabbing in ShockwaveFlash1 is invalid.
Line 116: The property name Profile in ShockwaveFlash1 is invalid.
Line 117: The property name ProfileAddress in ShockwaveFlash1 is invalid.
Line 118: The property name ProfilePort in ShockwaveFlash1 is invalid.
Line 96: The property name _cx in ShockwaveFlash1 is invalid.
Line 97: The property name _cy in ShockwaveFlash1 is invalid.
Line 98: The property name FlashVars in ShockwaveFlash1 is invalid.
Line 99: The property name Movie in ShockwaveFlash1 is invalid.
Line 100: The property name Src in ShockwaveFlash1 is invalid.
Line 101: The property name WMode in ShockwaveFlash1 is invalid.
Line 102: The property name Play in ShockwaveFlash1 is invalid.
Line 103: The property name Loop in ShockwaveFlash1 is invalid.
Line 104: The property name Quality in ShockwaveFlash1 is invalid.
Line 105: The property name SAlign in ShockwaveFlash1 is invalid.
Line 106: The property name Menu in ShockwaveFlash1 is invalid.
Line 107: The property name Base in ShockwaveFlash1 is invalid.
Line 108: The property name AllowScriptAccess in ShockwaveFlash1 is invalid.
Line 109: The property name Scale in ShockwaveFlash1 is invalid.
Line 110: The property name DeviceFont in ShockwaveFlash1 is invalid.
Line 111: The property name EmbedMovie in ShockwaveFlash1 is invalid.
Line 112: The property name BGColor in ShockwaveFlash1 is invalid.
Line 113: The property name SWRemote in ShockwaveFlash1 is invalid.
Line 114: The property name MovieData in ShockwaveFlash1 is invalid.
Line 115: The property name SeamlessTabbing in ShockwaveFlash1 is invalid.
Line 116: The property name Profile in ShockwaveFlash1 is invalid.
Line 117: The property name ProfileAddress in ShockwaveFlash1 is invalid.
Line 118: The property name ProfilePort in ShockwaveFlash1 is invalid.
