Line 17: Class xrControl.xrFrame of control xrFrame3 was not a loaded control class.
Line 198: Class xrControl.xrButton of control cmdButton was not a loaded control class.
Line 224: Class MSComCtl2.Animation of control Progress was not a loaded control class.
Line 239: Class xrControl.xrButton of control cmdButton was not a loaded control class.
Line 23: The property name _ExtentX in xrFrame3 is invalid.
Line 24: The property name _ExtentY in xrFrame3 is invalid.
Line 205: The property name _ExtentX in cmdButton is invalid.
Line 206: The property name _ExtentY in cmdButton is invalid.
Line 207: The property name Caption in cmdButton is invalid.
Line 208: The property name AccessKey in cmdButton is invalid.
Line 219: The property name CaptionAlign in cmdButton is invalid.
Line 220: The property name BackColorDown in cmdButton is invalid.
Line 221: The property name BorderColorFocus in cmdButton is invalid.
Line 222: The property name BorderColorHover in cmdButton is invalid.
Line 198: Property Picture in cmdButton could not be set.
Line 232: The property name _ExtentX in Progress is invalid.
Line 233: The property name _ExtentY in Progress is invalid.
Line 234: The property name _Version in Progress is invalid.
Line 236: The property name FullWidth in Progress is invalid.
Line 237: The property name FullHeight in Progress is invalid.
Line 246: The property name _ExtentX in cmdButton is invalid.
Line 247: The property name _ExtentY in cmdButton is invalid.
Line 248: The property name Caption in cmdButton is invalid.
Line 249: The property name AccessKey in cmdButton is invalid.
Line 260: The property name CaptionAlign in cmdButton is invalid.
Line 239: Property Picture in cmdButton could not be set.
