Line 582: Class MSFlexGridLib.MSFlexGrid of control MSFlexGrid1 was not a loaded control class.
Line 614: Class ShockwaveFlashObjectsCtl.ShockwaveFlash of control ShockwaveFlash1 was not a loaded control class.
Line 1184: Class xrControl.xrButton of control cmdButton was not a loaded control class.
Line 1213: Class xrControl.xrButton of control cmdButton was not a loaded control class.
Line 1242: Class xrControl.xrButton of control cmdButton was not a loaded control class.
Line 1271: Class xrControl.xrButton of control cmdButton was not a loaded control class.
Line 1300: Class xrControl.xrButton of control cmdButton was not a loaded control class.
Line 1329: Class xrControl.xrButton of control cmdButton was not a loaded control class.
Line 1358: Class xrControl.xrButton of control cmdButton was not a loaded control class.
Line 1387: Class xrControl.xrButton of control cmdButton was not a loaded control class.
Line 1416: Class xrControl.xrButton of control cmdButton was not a loaded control class.
Line 1445: Class xrControl.xrButton of control cmdButton was not a loaded control class.
Line 1474: Class xrControl.xrButton of control cmdButton was not a loaded control class.
Line 589: The property name _ExtentX in MSFlexGrid1 is invalid.
Line 590: The property name _ExtentY in MSFlexGrid1 is invalid.
Line 591: The property name _Version in MSFlexGrid1 is invalid.
Line 593: The property name BackColorSel in MSFlexGrid1 is invalid.
Line 594: The property name ForeColorSel in MSFlexGrid1 is invalid.
Line 595: The property name FocusRect in MSFlexGrid1 is invalid.
Line 596: The property name SelectionMode in MSFlexGrid1 is invalid.
Line 621: The property name _cx in ShockwaveFlash1 is invalid.
Line 622: The property name _cy in ShockwaveFlash1 is invalid.
Line 623: The property name FlashVars in ShockwaveFlash1 is invalid.
Line 624: The property name Movie in ShockwaveFlash1 is invalid.
Line 625: The property name Src in ShockwaveFlash1 is invalid.
Line 626: The property name WMode in ShockwaveFlash1 is invalid.
Line 627: The property name Play in ShockwaveFlash1 is invalid.
Line 628: The property name Loop in ShockwaveFlash1 is invalid.
Line 629: The property name Quality in ShockwaveFlash1 is invalid.
Line 630: The property name SAlign in ShockwaveFlash1 is invalid.
Line 631: The property name Menu in ShockwaveFlash1 is invalid.
Line 632: The property name Base in ShockwaveFlash1 is invalid.
Line 633: The property name AllowScriptAccess in ShockwaveFlash1 is invalid.
Line 634: The property name Scale in ShockwaveFlash1 is invalid.
Line 635: The property name DeviceFont in ShockwaveFlash1 is invalid.
Line 636: The property name EmbedMovie in ShockwaveFlash1 is invalid.
Line 637: The property name BGColor in ShockwaveFlash1 is invalid.
Line 638: The property name SWRemote in ShockwaveFlash1 is invalid.
Line 639: The property name MovieData in ShockwaveFlash1 is invalid.
Line 640: The property name SeamlessTabbing in ShockwaveFlash1 is invalid.
Line 641: The property name Profile in ShockwaveFlash1 is invalid.
Line 642: The property name ProfileAddress in ShockwaveFlash1 is invalid.
Line 643: The property name ProfilePort in ShockwaveFlash1 is invalid.
Line 644: The property name AllowNetworking in ShockwaveFlash1 is invalid.
Line 1192: The property name _ExtentX in cmdButton is invalid.
Line 1193: The property name _ExtentY in cmdButton is invalid.
Line 1194: The property name Caption in cmdButton is invalid.
Line 1195: The property name AccessKey in cmdButton is invalid.
Line 1206: The property name PicturePos in cmdButton is invalid.
Line 1207: The property name CaptionAlign in cmdButton is invalid.
Line 1209: The property name BackColorDown in cmdButton is invalid.
Line 1210: The property name BorderColorFocus in cmdButton is invalid.
Line 1211: The property name BorderColorHover in cmdButton is invalid.
Line 1184: Property Picture in cmdButton could not be set.
Line 1221: The property name _ExtentX in cmdButton is invalid.
Line 1222: The property name _ExtentY in cmdButton is invalid.
Line 1223: The property name Caption in cmdButton is invalid.
Line 1224: The property name AccessKey in cmdButton is invalid.
Line 1235: The property name PicturePos in cmdButton is invalid.
Line 1236: The property name CaptionAlign in cmdButton is invalid.
Line 1238: The property name BackColorDown in cmdButton is invalid.
Line 1239: The property name BorderColorFocus in cmdButton is invalid.
Line 1240: The property name BorderColorHover in cmdButton is invalid.
Line 1213: Property Picture in cmdButton could not be set.
Line 1250: The property name _ExtentX in cmdButton is invalid.
Line 1251: The property name _ExtentY in cmdButton is invalid.
Line 1252: The property name Caption in cmdButton is invalid.
Line 1253: The property name AccessKey in cmdButton is invalid.
Line 1264: The property name PicturePos in cmdButton is invalid.
Line 1265: The property name CaptionAlign in cmdButton is invalid.
Line 1267: The property name BackColorDown in cmdButton is invalid.
Line 1268: The property name BorderColorFocus in cmdButton is invalid.
Line 1269: The property name BorderColorHover in cmdButton is invalid.
Line 1242: Property Picture in cmdButton could not be set.
Line 1279: The property name _ExtentX in cmdButton is invalid.
Line 1280: The property name _ExtentY in cmdButton is invalid.
Line 1281: The property name Caption in cmdButton is invalid.
Line 1282: The property name AccessKey in cmdButton is invalid.
Line 1293: The property name PicturePos in cmdButton is invalid.
Line 1294: The property name CaptionAlign in cmdButton is invalid.
Line 1296: The property name BackColorDown in cmdButton is invalid.
Line 1297: The property name BorderColorFocus in cmdButton is invalid.
Line 1298: The property name BorderColorHover in cmdButton is invalid.
Line 1271: Property Picture in cmdButton could not be set.
Line 1308: The property name _ExtentX in cmdButton is invalid.
Line 1309: The property name _ExtentY in cmdButton is invalid.
Line 1310: The property name Caption in cmdButton is invalid.
Line 1311: The property name AccessKey in cmdButton is invalid.
Line 1322: The property name PicturePos in cmdButton is invalid.
Line 1323: The property name CaptionAlign in cmdButton is invalid.
Line 1325: The property name BackColorDown in cmdButton is invalid.
Line 1326: The property name BorderColorFocus in cmdButton is invalid.
Line 1327: The property name BorderColorHover in cmdButton is invalid.
Line 1300: Property Picture in cmdButton could not be set.
Line 1337: The property name _ExtentX in cmdButton is invalid.
Line 1338: The property name _ExtentY in cmdButton is invalid.
Line 1339: The property name Caption in cmdButton is invalid.
Line 1340: The property name AccessKey in cmdButton is invalid.
Line 1351: The property name PicturePos in cmdButton is invalid.
Line 1352: The property name CaptionAlign in cmdButton is invalid.
Line 1354: The property name BackColorDown in cmdButton is invalid.
Line 1355: The property name BorderColorFocus in cmdButton is invalid.
Line 1356: The property name BorderColorHover in cmdButton is invalid.
Line 1329: Property Picture in cmdButton could not be set.
Line 1366: The property name _ExtentX in cmdButton is invalid.
Line 1367: The property name _ExtentY in cmdButton is invalid.
Line 1368: The property name Caption in cmdButton is invalid.
Line 1369: The property name AccessKey in cmdButton is invalid.
Line 1380: The property name PicturePos in cmdButton is invalid.
Line 1381: The property name CaptionAlign in cmdButton is invalid.
Line 1383: The property name BackColorDown in cmdButton is invalid.
Line 1384: The property name BorderColorFocus in cmdButton is invalid.
Line 1385: The property name BorderColorHover in cmdButton is invalid.
Line 1358: Property Picture in cmdButton could not be set.
Line 1395: The property name _ExtentX in cmdButton is invalid.
Line 1396: The property name _ExtentY in cmdButton is invalid.
Line 1397: The property name Caption in cmdButton is invalid.
Line 1398: The property name AccessKey in cmdButton is invalid.
Line 1409: The property name PicturePos in cmdButton is invalid.
Line 1410: The property name CaptionAlign in cmdButton is invalid.
Line 1412: The property name BackColorDown in cmdButton is invalid.
Line 1413: The property name BorderColorFocus in cmdButton is invalid.
Line 1414: The property name BorderColorHover in cmdButton is invalid.
Line 1387: Property Picture in cmdButton could not be set.
Line 1424: The property name _ExtentX in cmdButton is invalid.
Line 1425: The property name _ExtentY in cmdButton is invalid.
Line 1426: The property name Caption in cmdButton is invalid.
Line 1427: The property name AccessKey in cmdButton is invalid.
Line 1438: The property name PicturePos in cmdButton is invalid.
Line 1439: The property name CaptionAlign in cmdButton is invalid.
Line 1441: The property name BackColorDown in cmdButton is invalid.
Line 1442: The property name BorderColorFocus in cmdButton is invalid.
Line 1443: The property name BorderColorHover in cmdButton is invalid.
Line 1416: Property Picture in cmdButton could not be set.
Line 1453: The property name _ExtentX in cmdButton is invalid.
Line 1454: The property name _ExtentY in cmdButton is invalid.
Line 1455: The property name Caption in cmdButton is invalid.
Line 1456: The property name AccessKey in cmdButton is invalid.
Line 1467: The property name PicturePos in cmdButton is invalid.
Line 1468: The property name CaptionAlign in cmdButton is invalid.
Line 1470: The property name BackColorDown in cmdButton is invalid.
Line 1471: The property name BorderColorFocus in cmdButton is invalid.
Line 1472: The property name BorderColorHover in cmdButton is invalid.
Line 1445: Property Picture in cmdButton could not be set.
Line 1482: The property name _ExtentX in cmdButton is invalid.
Line 1483: The property name _ExtentY in cmdButton is invalid.
Line 1484: The property name Caption in cmdButton is invalid.
Line 1485: The property name AccessKey in cmdButton is invalid.
Line 1496: The property name PicturePos in cmdButton is invalid.
Line 1497: The property name CaptionAlign in cmdButton is invalid.
Line 1499: The property name BackColorDown in cmdButton is invalid.
Line 1500: The property name BorderColorFocus in cmdButton is invalid.
Line 1501: The property name BorderColorHover in cmdButton is invalid.
Line 1474: Property Picture in cmdButton could not be set.
