Line 17: Class xrControl.xrFrame of control xrFrame1 was not a loaded control class.
Line 92: Class xrControl.xrButton of control cmdButton was not a loaded control class.
Line 115: Class xrControl.xrButton of control cmdButton was not a loaded control class.
Line 138: Class xrControl.xrButton of control cmdButton was not a loaded control class.
Line 161: Class xrControl.xrButton of control cmdButton was not a loaded control class.
Line 184: Class xrControl.xrButton of control cmdButton was not a loaded control class.
Line 207: Class xrControl.xrButton of control cmdButton was not a loaded control class.
Line 230: Class xrControl.xrButton of control cmdButton was not a loaded control class.
Line 23: The property name _ExtentX in xrFrame1 is invalid.
Line 24: The property name _ExtentY in xrFrame1 is invalid.
Line 99: The property name _ExtentX in cmdButton is invalid.
Line 100: The property name _ExtentY in cmdButton is invalid.
Line 101: The property name Caption in cmdButton is invalid.
Line 102: The property name AccessKey in cmdButton is invalid.
Line 113: The property name PicturePos in cmdButton is invalid.
Line 92: Property Picture in cmdButton could not be set.
Line 122: The property name _ExtentX in cmdButton is invalid.
Line 123: The property name _ExtentY in cmdButton is invalid.
Line 124: The property name Caption in cmdButton is invalid.
Line 125: The property name AccessKey in cmdButton is invalid.
Line 136: The property name PicturePos in cmdButton is invalid.
Line 115: Property Picture in cmdButton could not be set.
Line 145: The property name _ExtentX in cmdButton is invalid.
Line 146: The property name _ExtentY in cmdButton is invalid.
Line 147: The property name Caption in cmdButton is invalid.
Line 148: The property name AccessKey in cmdButton is invalid.
Line 159: The property name PicturePos in cmdButton is invalid.
Line 138: Property Picture in cmdButton could not be set.
Line 168: The property name _ExtentX in cmdButton is invalid.
Line 169: The property name _ExtentY in cmdButton is invalid.
Line 170: The property name Caption in cmdButton is invalid.
Line 171: The property name AccessKey in cmdButton is invalid.
Line 182: The property name PicturePos in cmdButton is invalid.
Line 161: Property Picture in cmdButton could not be set.
Line 191: The property name _ExtentX in cmdButton is invalid.
Line 192: The property name _ExtentY in cmdButton is invalid.
Line 193: The property name Caption in cmdButton is invalid.
Line 194: The property name AccessKey in cmdButton is invalid.
Line 205: The property name PicturePos in cmdButton is invalid.
Line 184: Property Picture in cmdButton could not be set.
Line 214: The property name _ExtentX in cmdButton is invalid.
Line 215: The property name _ExtentY in cmdButton is invalid.
Line 216: The property name Caption in cmdButton is invalid.
Line 217: The property name AccessKey in cmdButton is invalid.
Line 228: The property name PicturePos in cmdButton is invalid.
Line 207: Property Picture in cmdButton could not be set.
Line 237: The property name _ExtentX in cmdButton is invalid.
Line 238: The property name _ExtentY in cmdButton is invalid.
Line 239: The property name Caption in cmdButton is invalid.
Line 240: The property name AccessKey in cmdButton is invalid.
Line 251: The property name PicturePos in cmdButton is invalid.
Line 230: Property Picture in cmdButton could not be set.
