Line 18: Class xrGridEditor.GridEditor of control GridEditor1 was not a loaded control class.
Line 72: Class xrControl.xrFrame of control xrFrame1 was not a loaded control class.
Line 124: Class xrControl.xrFrame of control xrFrame3 was not a loaded control class.
Line 136: Class xrControl.xrFrame of control xrFrame2 was not a loaded control class.
Line 193: Class xrControl.xrButton of control cmdButton was not a loaded control class.
Line 220: Class xrControl.xrButton of control cmdButton was not a loaded control class.
Line 246: Class xrControl.xrButton of control cmdButton was not a loaded control class.
Line 273: Class xrControl.xrButton of control cmdButton was not a loaded control class.
Line 297: Class xrControl.xrButton of control cmdButton was not a loaded control class.
Line 322: Class xrControl.xrButton of control cmdButton was not a loaded control class.
Line 25: The property name _ExtentX in GridEditor1 is invalid.
Line 26: The property name _ExtentY in GridEditor1 is invalid.
Line 27: The property name AllowBigSelection in GridEditor1 is invalid.
Line 28: The property name AutoAdd in GridEditor1 is invalid.
Line 29: The property name AutoNumber in GridEditor1 is invalid.
Line 31: The property name BACKCOLORBKG in GridEditor1 is invalid.
Line 32: The property name BACKCOLORFIXED in GridEditor1 is invalid.
Line 33: The property name BACKCOLORSEL in GridEditor1 is invalid.
Line 35: The property name COLS in GridEditor1 is invalid.
Line 37: The property name FIXEDCOLS in GridEditor1 is invalid.
Line 38: The property name FIXEDROWS in GridEditor1 is invalid.
Line 39: The property name FOCUSRECT in GridEditor1 is invalid.
Line 40: The property name EDITORBACKCOLOR in GridEditor1 is invalid.
Line 41: The property name EDITORFORECOLOR in GridEditor1 is invalid.
Line 43: The property name FORECOLORFIXED in GridEditor1 is invalid.
Line 44: The property name FORECOLORSEL in GridEditor1 is invalid.
Line 45: The property name FORMATSTRING in GridEditor1 is invalid.
Line 46: The property name Object.HEIGHT in GridEditor1 is invalid.
Line 47: The property name GRIDCOLOR in GridEditor1 is invalid.
Line 48: The property name GRIDCOLORFIXED in GridEditor1 is invalid.
Line 57: The property name GRIDFONT in GridEditor1 is invalid.
Line 58: The property name GRIDLINES in GridEditor1 is invalid.
Line 59: The property name GRIDLINESFIXED in GridEditor1 is invalid.
Line 60: The property name GRIDLINEWIDTH in GridEditor1 is invalid.
Line 63: The property name REDRAW in GridEditor1 is invalid.
Line 65: The property name ROWS in GridEditor1 is invalid.
Line 66: The property name SCROLLBARS in GridEditor1 is invalid.
Line 67: The property name SCROLLTRACK in GridEditor1 is invalid.
Line 68: The property name SELECTIONMODE in GridEditor1 is invalid.
Line 69: The property name Object.TOOLTIPTEXT in GridEditor1 is invalid.
Line 70: The property name WORDWRAP in GridEditor1 is invalid.
Line 18: Property MouseIcon in GridEditor1 could not be set.
Line 79: The property name _ExtentX in xrFrame1 is invalid.
Line 80: The property name _ExtentY in xrFrame1 is invalid.
Line 130: The property name _ExtentX in xrFrame3 is invalid.
Line 131: The property name _ExtentY in xrFrame3 is invalid.
Line 142: The property name _ExtentX in xrFrame2 is invalid.
Line 143: The property name _ExtentY in xrFrame2 is invalid.
Line 200: The property name _ExtentX in cmdButton is invalid.
Line 201: The property name _ExtentY in cmdButton is invalid.
Line 202: The property name Caption in cmdButton is invalid.
Line 203: The property name AccessKey in cmdButton is invalid.
Line 214: The property name CaptionAlign in cmdButton is invalid.
Line 216: The property name BackColorDown in cmdButton is invalid.
Line 217: The property name BorderColorFocus in cmdButton is invalid.
Line 218: The property name BorderColorHover in cmdButton is invalid.
Line 193: Property Picture in cmdButton could not be set.
Line 227: The property name _ExtentX in cmdButton is invalid.
Line 228: The property name _ExtentY in cmdButton is invalid.
Line 229: The property name Caption in cmdButton is invalid.
Line 230: The property name AccessKey in cmdButton is invalid.
Line 241: The property name CaptionAlign in cmdButton is invalid.
Line 243: The property name BackColorDown in cmdButton is invalid.
Line 244: The property name BorderColorFocus in cmdButton is invalid.
Line 220: Property Picture in cmdButton could not be set.
Line 253: The property name _ExtentX in cmdButton is invalid.
Line 254: The property name _ExtentY in cmdButton is invalid.
Line 255: The property name Caption in cmdButton is invalid.
Line 256: The property name AccessKey in cmdButton is invalid.
Line 267: The property name CaptionAlign in cmdButton is invalid.
Line 269: The property name BackColorDown in cmdButton is invalid.
Line 270: The property name BorderColorFocus in cmdButton is invalid.
Line 271: The property name BorderColorHover in cmdButton is invalid.
Line 246: Property Picture in cmdButton could not be set.
Line 280: The property name _ExtentX in cmdButton is invalid.
Line 281: The property name _ExtentY in cmdButton is invalid.
Line 282: The property name Caption in cmdButton is invalid.
Line 283: The property name AccessKey in cmdButton is invalid.
Line 294: The property name CaptionAlign in cmdButton is invalid.
Line 273: Property Picture in cmdButton could not be set.
Line 304: The property name _ExtentX in cmdButton is invalid.
Line 305: The property name _ExtentY in cmdButton is invalid.
Line 306: The property name Caption in cmdButton is invalid.
Line 307: The property name AccessKey in cmdButton is invalid.
Line 318: The property name CaptionAlign in cmdButton is invalid.
Line 320: The property name BackColorDown in cmdButton is invalid.
Line 297: Property Picture in cmdButton could not be set.
Line 329: The property name _ExtentX in cmdButton is invalid.
Line 330: The property name _ExtentY in cmdButton is invalid.
Line 331: The property name Caption in cmdButton is invalid.
Line 332: The property name AccessKey in cmdButton is invalid.
Line 343: The property name CaptionAlign in cmdButton is invalid.
Line 322: Property Picture in cmdButton could not be set.
