Line 18: Class xrGridEditor.GridEditor of control GridEditor1 was not a loaded control class.
Line 72: Class xrControl.xrButton of control cmdButton was not a loaded control class.
Line 95: Class xrControl.xrButton of control cmdButton was not a loaded control class.
Line 118: Class xrControl.xrFrame of control xrFrame1 was not a loaded control class.
Line 267: Class xrControl.xrButton of control cmdButton was not a loaded control class.
Line 290: Class xrControl.xrButton of control cmdButton was not a loaded control class.
Line 313: Class xrControl.xrButton of control cmdButton was not a loaded control class.
Line 336: Class xrControl.xrButton of control cmdButton was not a loaded control class.
Line 360: Class xrControl.xrFrame of control xrFrame2 was not a loaded control class.
Line 371: Class xrControl.xrButton of control cmdButton was not a loaded control class.
Line 398: Class xrControl.xrButton of control cmdButton was not a loaded control class.
Line 421: Class MSComCtl2.Animation of control Progress was not a loaded control class.
Line 25: The property name _ExtentX in GridEditor1 is invalid.
Line 26: The property name _ExtentY in GridEditor1 is invalid.
Line 27: The property name AllowBigSelection in GridEditor1 is invalid.
Line 28: The property name AutoAdd in GridEditor1 is invalid.
Line 29: The property name AutoNumber in GridEditor1 is invalid.
Line 31: The property name BACKCOLORBKG in GridEditor1 is invalid.
Line 32: The property name BACKCOLORFIXED in GridEditor1 is invalid.
Line 33: The property name BACKCOLORSEL in GridEditor1 is invalid.
Line 35: The property name COLS in GridEditor1 is invalid.
Line 37: The property name FIXEDCOLS in GridEditor1 is invalid.
Line 38: The property name FIXEDROWS in GridEditor1 is invalid.
Line 39: The property name FOCUSRECT in GridEditor1 is invalid.
Line 40: The property name EDITORBACKCOLOR in GridEditor1 is invalid.
Line 41: The property name EDITORFORECOLOR in GridEditor1 is invalid.
Line 43: The property name FORECOLORFIXED in GridEditor1 is invalid.
Line 44: The property name FORECOLORSEL in GridEditor1 is invalid.
Line 45: The property name FORMATSTRING in GridEditor1 is invalid.
Line 46: The property name Object.HEIGHT in GridEditor1 is invalid.
Line 47: The property name GRIDCOLOR in GridEditor1 is invalid.
Line 48: The property name GRIDCOLORFIXED in GridEditor1 is invalid.
Line 57: The property name GRIDFONT in GridEditor1 is invalid.
Line 58: The property name GRIDLINES in GridEditor1 is invalid.
Line 59: The property name GRIDLINESFIXED in GridEditor1 is invalid.
Line 60: The property name GRIDLINEWIDTH in GridEditor1 is invalid.
Line 63: The property name REDRAW in GridEditor1 is invalid.
Line 65: The property name ROWS in GridEditor1 is invalid.
Line 66: The property name SCROLLBARS in GridEditor1 is invalid.
Line 67: The property name SCROLLTRACK in GridEditor1 is invalid.
Line 68: The property name SELECTIONMODE in GridEditor1 is invalid.
Line 69: The property name Object.TOOLTIPTEXT in GridEditor1 is invalid.
Line 70: The property name WORDWRAP in GridEditor1 is invalid.
Line 18: Property MouseIcon in GridEditor1 could not be set.
Line 79: The property name _ExtentX in cmdButton is invalid.
Line 80: The property name _ExtentY in cmdButton is invalid.
Line 81: The property name Caption in cmdButton is invalid.
Line 82: The property name AccessKey in cmdButton is invalid.
Line 93: The property name CaptionAlign in cmdButton is invalid.
Line 72: Property Picture in cmdButton could not be set.
Line 102: The property name _ExtentX in cmdButton is invalid.
Line 103: The property name _ExtentY in cmdButton is invalid.
Line 104: The property name Caption in cmdButton is invalid.
Line 105: The property name AccessKey in cmdButton is invalid.
Line 116: The property name CaptionAlign in cmdButton is invalid.
Line 95: Property Picture in cmdButton could not be set.
Line 125: The property name _ExtentX in xrFrame1 is invalid.
Line 126: The property name _ExtentY in xrFrame1 is invalid.
Line 274: The property name _ExtentX in cmdButton is invalid.
Line 275: The property name _ExtentY in cmdButton is invalid.
Line 276: The property name Caption in cmdButton is invalid.
Line 277: The property name AccessKey in cmdButton is invalid.
Line 288: The property name CaptionAlign in cmdButton is invalid.
Line 267: Property Picture in cmdButton could not be set.
Line 297: The property name _ExtentX in cmdButton is invalid.
Line 298: The property name _ExtentY in cmdButton is invalid.
Line 299: The property name Caption in cmdButton is invalid.
Line 300: The property name AccessKey in cmdButton is invalid.
Line 311: The property name CaptionAlign in cmdButton is invalid.
Line 290: Property Picture in cmdButton could not be set.
Line 320: The property name _ExtentX in cmdButton is invalid.
Line 321: The property name _ExtentY in cmdButton is invalid.
Line 322: The property name Caption in cmdButton is invalid.
Line 323: The property name AccessKey in cmdButton is invalid.
Line 334: The property name CaptionAlign in cmdButton is invalid.
Line 313: Property Picture in cmdButton could not be set.
Line 344: The property name _ExtentX in cmdButton is invalid.
Line 345: The property name _ExtentY in cmdButton is invalid.
Line 346: The property name Caption in cmdButton is invalid.
Line 347: The property name AccessKey in cmdButton is invalid.
Line 358: The property name CaptionAlign in cmdButton is invalid.
Line 336: Property Picture in cmdButton could not be set.
Line 366: The property name _ExtentX in xrFrame2 is invalid.
Line 367: The property name _ExtentY in xrFrame2 is invalid.
Line 378: The property name _ExtentX in cmdButton is invalid.
Line 379: The property name _ExtentY in cmdButton is invalid.
Line 380: The property name Caption in cmdButton is invalid.
Line 381: The property name AccessKey in cmdButton is invalid.
Line 392: The property name CaptionAlign in cmdButton is invalid.
Line 394: The property name BackColorDown in cmdButton is invalid.
Line 395: The property name BorderColorFocus in cmdButton is invalid.
Line 396: The property name BorderColorHover in cmdButton is invalid.
Line 371: Property Picture in cmdButton could not be set.
Line 405: The property name _ExtentX in cmdButton is invalid.
Line 406: The property name _ExtentY in cmdButton is invalid.
Line 407: The property name Caption in cmdButton is invalid.
Line 408: The property name AccessKey in cmdButton is invalid.
Line 419: The property name CaptionAlign in cmdButton is invalid.
Line 398: Property Picture in cmdButton could not be set.
Line 429: The property name _ExtentX in Progress is invalid.
Line 430: The property name _ExtentY in Progress is invalid.
Line 431: The property name _Version in Progress is invalid.
Line 433: The property name FullWidth in Progress is invalid.
Line 434: The property name FullHeight in Progress is invalid.
