Line 60: Class CRVIEWER9LibCtl.CRViewer9 of control CRViewer91 was not a loaded control class.
Line 66: The property name lastProp in CRViewer91 is invalid.
Line 67: The property name _cx in CRViewer91 is invalid.
Line 68: The property name _cy in CRViewer91 is invalid.
Line 69: The property name DisplayGroupTree in CRViewer91 is invalid.
Line 70: The property name DisplayToolbar in CRViewer91 is invalid.
Line 71: The property name EnableGroupTree in CRViewer91 is invalid.
Line 72: The property name EnableNavigationControls in CRViewer91 is invalid.
Line 73: The property name EnableStopButton in CRViewer91 is invalid.
Line 74: The property name EnablePrintButton in CRViewer91 is invalid.
Line 75: The property name EnableZoomControl in CRViewer91 is invalid.
Line 76: The property name EnableCloseButton in CRViewer91 is invalid.
Line 77: The property name EnableProgressControl in CRViewer91 is invalid.
Line 78: The property name EnableSearchControl in CRViewer91 is invalid.
Line 79: The property name EnableRefreshButton in CRViewer91 is invalid.
Line 80: The property name EnableDrillDown in CRViewer91 is invalid.
Line 81: The property name EnableAnimationControl in CRViewer91 is invalid.
Line 82: The property name EnableSelectExpertButton in CRViewer91 is invalid.
Line 83: The property name EnableToolbar in CRViewer91 is invalid.
Line 84: The property name DisplayBorder in CRViewer91 is invalid.
Line 85: The property name DisplayTabs in CRViewer91 is invalid.
Line 86: The property name DisplayBackgroundEdge in CRViewer91 is invalid.
Line 87: The property name SelectionFormula in CRViewer91 is invalid.
Line 88: The property name EnablePopupMenu in CRViewer91 is invalid.
Line 89: The property name EnableExportButton in CRViewer91 is invalid.
Line 90: The property name EnableSearchExpertButton in CRViewer91 is invalid.
Line 91: The property name EnableHelpButton in CRViewer91 is invalid.
Line 92: The property name LaunchHTTPHyperlinksInNewBrowser in CRViewer91 is invalid.
