Line 19: Class xrGridEditor.GridEditor of control GridEditor1 was not a loaded control class.
Line 26: The property name _ExtentX in GridEditor1 is invalid.
Line 27: The property name _ExtentY in GridEditor1 is invalid.
Line 28: The property name AllowBigSelection in GridEditor1 is invalid.
Line 29: The property name AutoAdd in GridEditor1 is invalid.
Line 30: The property name AutoNumber in GridEditor1 is invalid.
Line 32: The property name BACKCOLORBKG in GridEditor1 is invalid.
Line 33: The property name BACKCOLORFIXED in GridEditor1 is invalid.
Line 34: The property name BACKCOLORSEL in GridEditor1 is invalid.
Line 36: The property name COLS in GridEditor1 is invalid.
Line 38: The property name FIXEDCOLS in GridEditor1 is invalid.
Line 39: The property name FIXEDROWS in GridEditor1 is invalid.
Line 40: The property name FOCUSRECT in GridEditor1 is invalid.
Line 41: The property name EDITORBACKCOLOR in GridEditor1 is invalid.
Line 42: The property name EDITORFORECOLOR in GridEditor1 is invalid.
Line 44: The property name FORECOLORFIXED in GridEditor1 is invalid.
Line 45: The property name FORECOLORSEL in GridEditor1 is invalid.
Line 46: The property name FORMATSTRING in GridEditor1 is invalid.
Line 47: The property name Object.HEIGHT in GridEditor1 is invalid.
Line 48: The property name GRIDCOLOR in GridEditor1 is invalid.
Line 49: The property name GRIDCOLORFIXED in GridEditor1 is invalid.
Line 58: The property name GRIDFONT in GridEditor1 is invalid.
Line 59: The property name GRIDLINES in GridEditor1 is invalid.
Line 60: The property name GRIDLINESFIXED in GridEditor1 is invalid.
Line 61: The property name GRIDLINEWIDTH in GridEditor1 is invalid.
Line 64: The property name REDRAW in GridEditor1 is invalid.
Line 66: The property name ROWS in GridEditor1 is invalid.
Line 67: The property name SCROLLBARS in GridEditor1 is invalid.
Line 68: The property name SCROLLTRACK in GridEditor1 is invalid.
Line 69: The property name SELECTIONMODE in GridEditor1 is invalid.
Line 70: The property name Object.TOOLTIPTEXT in GridEditor1 is invalid.
Line 71: The property name WORDWRAP in GridEditor1 is invalid.
Line 19: Property MouseIcon in GridEditor1 could not be set.
