Line 17: Class xrControl.xrFrame of control xrFrame1 was not a loaded control class.
Line 106: Class xrControl.xrButton of control cmdButton was not a loaded control class.
Line 132: Class xrControl.xrButton of control cmdButton was not a loaded control class.
Line 24: The property name _ExtentX in xrFrame1 is invalid.
Line 25: The property name _ExtentY in xrFrame1 is invalid.
Line 113: The property name _ExtentX in cmdButton is invalid.
Line 114: The property name _ExtentY in cmdButton is invalid.
Line 115: The property name Caption in cmdButton is invalid.
Line 116: The property name AccessKey in cmdButton is invalid.
Line 126: The property name PicturePos in cmdButton is invalid.
Line 128: The property name BackColorDown in cmdButton is invalid.
Line 129: The property name BorderColorFocus in cmdButton is invalid.
Line 130: The property name BorderColorHover in cmdButton is invalid.
Line 139: The property name _ExtentX in cmdButton is invalid.
Line 140: The property name _ExtentY in cmdButton is invalid.
Line 141: The property name Caption in cmdButton is invalid.
Line 142: The property name AccessKey in cmdButton is invalid.
Line 152: The property name PicturePos in cmdButton is invalid.
Line 154: The property name BackColorDown in cmdButton is invalid.
Line 155: The property name BorderColorFocus in cmdButton is invalid.
Line 156: The property name BorderColorHover in cmdButton is invalid.
