Line 21: Class MSComctlLib.ImageList of control ImageList1 was not a loaded control class.
Line 39: Class MSComctlLib.Toolbar of control Toolbar1 was not a loaded control class.
Line 60: Class MSComctlLib.StatusBar of control StatusBar1 was not a loaded control class.
Line 24: The property name _ExtentX in ImageList1 is invalid.
Line 25: The property name _ExtentY in ImageList1 is invalid.
Line 27: The property name ImageWidth in ImageList1 is invalid.
Line 28: The property name ImageHeight in ImageList1 is invalid.
Line 29: The property name MaskColor in ImageList1 is invalid.
Line 30: The property name _Version in ImageList1 is invalid.
Line 37: The property name Images in ImageList1 is invalid.
Line 46: The property name _ExtentX in Toolbar1 is invalid.
Line 47: The property name _ExtentY in Toolbar1 is invalid.
Line 48: The property name ButtonWidth in Toolbar1 is invalid.
Line 49: The property name ButtonHeight in Toolbar1 is invalid.
Line 51: The property name ImageList in Toolbar1 is invalid.
Line 52: The property name _Version in Toolbar1 is invalid.
Line 58: The property name Buttons in Toolbar1 is invalid.
Line 67: The property name _ExtentX in StatusBar1 is invalid.
Line 68: The property name _ExtentY in StatusBar1 is invalid.
Line 69: The property name _Version in StatusBar1 is invalid.
Line 117: The property name Panels in StatusBar1 is invalid.
